gfortran -fopenmp -g -cpp -O0 -fdefault-real-8 -ffixed-line-length-72 -I. -fbounds-check -Wall -DOPENMP  -I/usr/include -I/usr/lib/openmpi/include -c steves_3D_ocn.f -o steves_3D_ocn.o
Warning: Nonconforming tab character in column 1 of line 266
Warning: Nonconforming tab character in column 1 of line 267
Warning: Nonconforming tab character in column 1 of line 268
Warning: Nonconforming tab character in column 1 of line 1348
Warning: Nonconforming tab character in column 1 of line 1349
Warning: Nonconforming tab character in column 1 of line 1350
./parameter.inc:37.33:
    Included at ./kpp_3d_type.com:2:
    Included at steves_3D_ocn.f:23:

      PARAMETER(maxmodeadv = 6 )                                        
                                 1
Warning: Nonconforming tab character at (1)
./couple.com:13.7:
    Included at steves_3D_ocn.f:38:

     +    L_UPD_CLIMICE,L_PERIODIC_CLIMICE,L_COUPLE_CURRENTS,           
       1
Warning: Nonconforming tab character at (1)
./output.com:12.25:
    Included at steves_3D_ocn.f:50:

      PARAMETER (missval=1.e20)                                         
                         1
Warning: Change of value in conversion from  REAL(8) to REAL(4) at (1)
./output.com:69.7:
    Included at steves_3D_ocn.f:50:

     &    ndt_per_restart,restart_time                                  
       1
Warning: Nonconforming tab character at (1)
./parameter.inc:37.33:
    Included at ./kpp_3d_type.com:2:
    Included at steves_3D_ocn.f:525:

      PARAMETER(maxmodeadv = 6 )                                        
                                 1
Warning: Nonconforming tab character at (1)
./output.com:12.25:
    Included at steves_3D_ocn.f:541:

      PARAMETER (missval=1.e20)                                         
                         1
Warning: Change of value in conversion from  REAL(8) to REAL(4) at (1)
./output.com:69.7:
    Included at steves_3D_ocn.f:541:

     &    ndt_per_restart,restart_time                                  
       1
Warning: Nonconforming tab character at (1)
./couple.com:13.7:
    Included at steves_3D_ocn.f:542:

     +    L_UPD_CLIMICE,L_PERIODIC_CLIMICE,L_COUPLE_CURRENTS,           
       1
Warning: Nonconforming tab character at (1)
./parameter.inc:37.33:
    Included at steves_3D_ocn.f:957:

      PARAMETER(maxmodeadv = 6 )                                        
                                 1
Warning: Nonconforming tab character at (1)
./output.com:12.25:
    Included at steves_3D_ocn.f:962:

      PARAMETER (missval=1.e20)                                         
                         1
Warning: Change of value in conversion from  REAL(8) to REAL(4) at (1)
./output.com:69.7:
    Included at steves_3D_ocn.f:962:

     &    ndt_per_restart,restart_time                                  
       1
Warning: Nonconforming tab character at (1)
./parameter.inc:37.33:
    Included at steves_3D_ocn.f:994:

      PARAMETER(maxmodeadv = 6 )                                        
                                 1
Warning: Nonconforming tab character at (1)
couple.com:13.7:
    Included at steves_3D_ocn.f:1077:

     +    L_UPD_CLIMICE,L_PERIODIC_CLIMICE,L_COUPLE_CURRENTS,           
       1
Warning: Nonconforming tab character at (1)
./parameter.inc:37.33:
    Included at ./kpp_3d_type.com:2:
    Included at steves_3D_ocn.f:1146:

      PARAMETER(maxmodeadv = 6 )                                        
                                 1
Warning: Nonconforming tab character at (1)
couple.com:13.7:
    Included at steves_3D_ocn.f:1148:

     +    L_UPD_CLIMICE,L_PERIODIC_CLIMICE,L_COUPLE_CURRENTS,           
       1
Warning: Nonconforming tab character at (1)
./parameter.inc:37.33:
    Included at ./kpp_3d_type.com:2:
    Included at steves_3D_ocn.f:1177:

      PARAMETER(maxmodeadv = 6 )                                        
                                 1
Warning: Nonconforming tab character at (1)
steves_3D_ocn.f:732.13:

      nstart=nint(startt)/dto                                           
             1
Warning: Possible change of value in conversion from REAL(8) to INTEGER(4) at (1)
steves_3D_ocn.f:1122.20:

      CALL upd_sst0(kpp_3d_fields)                                      
                    1
Warning: Type mismatch in argument 'kpp_3d_fields' at (1); passed TYPE(kpp_3d_type) to TYPE(kpp_3d_type)
steves_3D_ocn.f:798.25:

         CALL init_relax(kpp_3d_fields)                                 
                         1
Warning: Type mismatch in argument 'kpp_3d_fields' at (1); passed TYPE(kpp_3d_type) to TYPE(kpp_3d_type)
steves_3D_ocn.f:845.35:

     +        CALL upd_bottom_temp(kpp_3d_fields,bottom_temp)           
                                   1
Warning: Type mismatch in argument 'kpp_3d_fields' at (1); passed TYPE(kpp_3d_type) to TYPE(kpp_3d_type)
steves_3D_ocn.f:906.12:

      dtout=ndtout*dto/spd                                              
            1
Warning: Possible change of value in conversion from REAL(8) to REAL(4) at (1)
steves_3D_ocn.f:82.22:

      CALL initialize(kpp_3d_fields,kpp_const_fields,bottom_temp,       
                      1
Warning: Type mismatch in argument 'kpp_3d_fields' at (1); passed TYPE(kpp_3d_type) to TYPE(kpp_3d_type)
steves_3D_ocn.f:190.29:

               CALL upd_sst0(kpp_3d_fields)                             
                             1
Warning: Type mismatch in argument 'kpp_3d_fields' at (1); passed TYPE(kpp_3d_type) to TYPE(kpp_3d_type)
steves_3D_ocn.f:298.33:

            CALL upd_bottom_temp(kpp_3d_fields,bottom_temp)             
                                 1
Warning: Type mismatch in argument 'kpp_3d_fields' at (1); passed TYPE(kpp_3d_type) to TYPE(kpp_3d_type)
./output.com:59.42:
    Included at steves_3D_ocn.f:962:

      INTEGER lon_id,lat_id,z_id,h_id,d_id,time_id                      
                                          1
Warning: Unused variable 'd_id' declared at (1)
./output.com:59.37:
    Included at steves_3D_ocn.f:962:

      INTEGER lon_id,lat_id,z_id,h_id,d_id,time_id                      
                                     1
Warning: Unused variable 'h_id' declared at (1)
./output.com:59.27:
    Included at steves_3D_ocn.f:962:

      INTEGER lon_id,lat_id,z_id,h_id,d_id,time_id                      
                           1
Warning: Unused variable 'lat_id' declared at (1)
./output.com:59.20:
    Included at steves_3D_ocn.f:962:

      INTEGER lon_id,lat_id,z_id,h_id,d_id,time_id                      
                    1
Warning: Unused variable 'lon_id' declared at (1)
./output.com:59.32:
    Included at steves_3D_ocn.f:962:

      INTEGER lon_id,lat_id,z_id,h_id,d_id,time_id                      
                                1
Warning: Unused variable 'z_id' declared at (1)
sstclim.com:1.23:
    Included at steves_3D_ocn.f:1149:

      LOGICAL L_UPDCLIM, L_CLIMSST, L_UPD_CLIMSST, L_PERIODIC_CLIMSST   
                       1
Warning: Unused variable 'l_updclim' declared at (1)
./salinity.com:6.21:
    Included at steves_3D_ocn.f:545:

      COMMON /sal_in/ L_RELAX_SAL, L_UPD_SAL, ndtupdsal, sal_file,      
                     1
Warning: Padding of 4 bytes required before 'scorr' in COMMON 'sal_in' at (1); reorder elements or use -fno-align-commons
./output.com:59.42:
    Included at steves_3D_ocn.f:541:

      INTEGER lon_id,lat_id,z_id,h_id,d_id,time_id                      
                                          1
Warning: Unused variable 'd_id' declared at (1)
./fcorr_in.com:4.27:
    Included at steves_3D_ocn.f:544:

      REAL fcorr_twod(NPTS)                                             
                           1
Warning: Unused variable 'fcorr_twod' declared at (1)
./output.com:59.37:
    Included at steves_3D_ocn.f:541:

      INTEGER lon_id,lat_id,z_id,h_id,d_id,time_id                      
                                     1
Warning: Unused variable 'h_id' declared at (1)
steves_3D_ocn.f:568.15:

      INTEGER k,l,ipt,ix,iy                                             
               1
Warning: Unused variable 'k' declared at (1)
./sstclim.com:1.23:
    Included at steves_3D_ocn.f:543:

      LOGICAL L_UPDCLIM, L_CLIMSST, L_UPD_CLIMSST, L_PERIODIC_CLIMSST   
                       1
Warning: Unused variable 'l_updclim' declared at (1)
./output.com:59.27:
    Included at steves_3D_ocn.f:541:

      INTEGER lon_id,lat_id,z_id,h_id,d_id,time_id                      
                           1
Warning: Unused variable 'lat_id' declared at (1)
./output.com:59.20:
    Included at steves_3D_ocn.f:541:

      INTEGER lon_id,lat_id,z_id,h_id,d_id,time_id                      
                    1
Warning: Unused variable 'lon_id' declared at (1)
steves_3D_ocn.f:562.33:

      INTEGER old(npts),new(npts)                                       
                                 1
Warning: Unused variable 'new' declared at (1)
steves_3D_ocn.f:562.23:

      INTEGER old(npts),new(npts)                                       
                       1
Warning: Unused variable 'old' declared at (1)
./salinity.com:3.30:
    Included at steves_3D_ocn.f:545:

      REAL sal_clim(NPTS,NZP1),scorr(NPTS,NZP1),relax_sal_in(NY),       
                              1
Warning: Unused variable 'sal_clim' declared at (1)
steves_3D_ocn.f:565.21:

      REAL Ubot(NVEL),Xbot(NSCLR) ! U,X at the bottom of the domain     
                     1
Warning: Unused variable 'ubot' declared at (1)
steves_3D_ocn.f:565.33:

      REAL Ubot(NVEL),Xbot(NSCLR) ! U,X at the bottom of the domain     
                                 1
Warning: Unused variable 'xbot' declared at (1)
./output.com:59.32:
    Included at steves_3D_ocn.f:541:

      INTEGER lon_id,lat_id,z_id,h_id,d_id,time_id                      
                                1
Warning: Unused variable 'z_id' declared at (1)
./salinity.com:6.21:
    Included at steves_3D_ocn.f:1080:

      COMMON /sal_in/ L_RELAX_SAL, L_UPD_SAL, ndtupdsal, sal_file,      
                     1
Warning: Padding of 4 bytes required before 'scorr' in COMMON 'sal_in' at (1); reorder elements or use -fno-align-commons
sstclim.com:1.23:
    Included at steves_3D_ocn.f:1078:

      LOGICAL L_UPDCLIM, L_CLIMSST, L_UPD_CLIMSST, L_PERIODIC_CLIMSST   
                       1
Warning: Unused variable 'l_updclim' declared at (1)
./salinity.com:3.30:
    Included at steves_3D_ocn.f:1080:

      REAL sal_clim(NPTS,NZP1),scorr(NPTS,NZP1),relax_sal_in(NY),       
                              1
Warning: Unused variable 'sal_clim' declared at (1)
./salinity.com:6.21:
    Included at steves_3D_ocn.f:40:

      COMMON /sal_in/ L_RELAX_SAL, L_UPD_SAL, ndtupdsal, sal_file,      
                     1
Warning: Padding of 4 bytes required before 'scorr' in COMMON 'sal_in' at (1); reorder elements or use -fno-align-commons
./output.com:59.42:
    Included at steves_3D_ocn.f:50:

      INTEGER lon_id,lat_id,z_id,h_id,d_id,time_id                      
                                          1
Warning: Unused variable 'd_id' declared at (1)
./fcorr_in.com:4.27:
    Included at steves_3D_ocn.f:39:

      REAL fcorr_twod(NPTS)                                             
                           1
Warning: Unused variable 'fcorr_twod' declared at (1)
./output.com:59.37:
    Included at steves_3D_ocn.f:50:

      INTEGER lon_id,lat_id,z_id,h_id,d_id,time_id                      
                                     1
Warning: Unused variable 'h_id' declared at (1)
steves_3D_ocn.f:66.15:

      INTEGER k,nflx,nstep                                              
               1
Warning: Unused variable 'k' declared at (1)
./sstclim.com:1.23:
    Included at steves_3D_ocn.f:52:

      LOGICAL L_UPDCLIM, L_CLIMSST, L_UPD_CLIMSST, L_PERIODIC_CLIMSST   
                       1
Warning: Unused variable 'l_updclim' declared at (1)
./output.com:59.27:
    Included at steves_3D_ocn.f:50:

      INTEGER lon_id,lat_id,z_id,h_id,d_id,time_id                      
                           1
Warning: Unused variable 'lat_id' declared at (1)
./output.com:59.20:
    Included at steves_3D_ocn.f:50:

      INTEGER lon_id,lat_id,z_id,h_id,d_id,time_id                      
                    1
Warning: Unused variable 'lon_id' declared at (1)
steves_3D_ocn.f:66.20:

      INTEGER k,nflx,nstep                                              
                    1
Warning: Unused variable 'nflx' declared at (1)
steves_3D_ocn.f:66.26:

      INTEGER k,nflx,nstep                                              
                          1
Warning: Unused variable 'nstep' declared at (1)
steves_3D_ocn.f:75.22:

      INTEGER nthreads,tid,omp_get_num_threads,omp_get_thread_num       
                      1
Warning: Unused variable 'nthreads' declared at (1)
steves_3D_ocn.f:75.46:

      INTEGER nthreads,tid,omp_get_num_threads,omp_get_thread_num       
                                              1
Warning: Unused variable 'omp_get_num_threads' declared at (1)
./salinity.com:3.30:
    Included at steves_3D_ocn.f:40:

      REAL sal_clim(NPTS,NZP1),scorr(NPTS,NZP1),relax_sal_in(NY),       
                              1
Warning: Unused variable 'sal_clim' declared at (1)
./output.com:59.32:
    Included at steves_3D_ocn.f:50:

      INTEGER lon_id,lat_id,z_id,h_id,d_id,time_id                      
                                1
Warning: Unused variable 'z_id' declared at (1)
gfortran -fopenmp -g -cpp -O0 -fdefault-real-8 -ffixed-line-length-72 -I. -fbounds-check -Wall -DOPENMP  -I/usr/include -I/usr/lib/openmpi/include -c steves_fluxes.f -o steves_fluxes.o
./parameter.inc:37.33:
    Included at ./kpp_3d_type.com:2:
    Included at steves_fluxes.f:9:

      PARAMETER(maxmodeadv = 6 )                                        
                                 1
Warning: Nonconforming tab character at (1)
couple.com:13.7:
    Included at steves_fluxes.f:23:

     +    L_UPD_CLIMICE,L_PERIODIC_CLIMICE,L_COUPLE_CURRENTS,           
       1
Warning: Nonconforming tab character at (1)
./parameter.inc:37.33:
    Included at ./kpp_3d_type.com:2:
    Included at steves_fluxes.f:171:

      PARAMETER(maxmodeadv = 6 )                                        
                                 1
Warning: Nonconforming tab character at (1)
steves_fluxes.f:229.20:

      SWDK =        Rfac(j)  * dexp(dble(z/a1(j)))                      
                    1
Warning: Possible change of value in conversion from REAL(16) to REAL(8) at (1)
steves_fluxes.f:150.23:

            call ntflx(kpp_2d_fields,kpp_const_fields)                  
                       1
Warning: Type mismatch in argument 'kpp_2d_fields' at (1); passed TYPE(kpp_2d_type) to TYPE(kpp_2d_type)
gfortran -fopenmp -g -cpp -O0 -fdefault-real-8 -ffixed-line-length-72 -I. -fbounds-check -Wall -DOPENMP  -I/usr/include -I/usr/lib/openmpi/include -c subs1D.f -o subs1D.o
subs1D.f:207.26:

      Subroutine Bet80(S,T,P,Beta)                                      
                          1
Warning: Unused dummy argument 't' at (1)
gfortran -fopenmp -g -cpp -O0 -fdefault-real-8 -ffixed-line-length-72 -I. -fbounds-check -Wall -DOPENMP  -I/usr/include -I/usr/lib/openmpi/include -c ncdf_in.f -o ncdf_in.o
Warning: Nonconforming tab character in column 1 of line 31340
Warning: Nonconforming tab character in column 1 of line 31341
Warning: Nonconforming tab character in column 1 of line 31342
Warning: Nonconforming tab character in column 1 of line 35500
Warning: Nonconforming tab character in column 1 of line 35501
Warning: Nonconforming tab character in column 1 of line 35502
./parameter.inc:37.33:
    Included at ./kpp_3d_type.com:2:
    Included at ncdf_in.f:10:

      PARAMETER(maxmodeadv = 6 )                                        
                                 1
Warning: Nonconforming tab character at (1)
couple.com:13.7:
    Included at ncdf_in.f:607:

     +    L_UPD_CLIMICE,L_PERIODIC_CLIMICE,L_COUPLE_CURRENTS,           
       1
Warning: Nonconforming tab character at (1)
./parameter.inc:37.33:
    Included at ncdf_in.f:625:

      PARAMETER(maxmodeadv = 6 )                                        
                                 1
Warning: Nonconforming tab character at (1)
couple.com:13.7:
    Included at ncdf_in.f:625:

     +    L_UPD_CLIMICE,L_PERIODIC_CLIMICE,L_COUPLE_CURRENTS,           
       1
Warning: Nonconforming tab character at (1)
./parameter.inc:37.33:
    Included at ./kpp_3d_type.com:2:
    Included at ncdf_in.f:645:

      PARAMETER(maxmodeadv = 6 )                                        
                                 1
Warning: Nonconforming tab character at (1)
couple.com:13.7:
    Included at ncdf_in.f:1087:

     +    L_UPD_CLIMICE,L_PERIODIC_CLIMICE,L_COUPLE_CURRENTS,           
       1
Warning: Nonconforming tab character at (1)
./parameter.inc:37.33:
    Included at ./kpp_3d_type.com:2:
    Included at ncdf_in.f:1239:

      PARAMETER(maxmodeadv = 6 )                                        
                                 1
Warning: Nonconforming tab character at (1)
couple.com:13.7:
    Included at ncdf_in.f:1240:

     +    L_UPD_CLIMICE,L_PERIODIC_CLIMICE,L_COUPLE_CURRENTS,           
       1
Warning: Nonconforming tab character at (1)
./parameter.inc:37.33:
    Included at ncdf_in.f:1400:

      PARAMETER(maxmodeadv = 6 )                                        
                                 1
Warning: Nonconforming tab character at (1)
./couple.com:13.7:
    Included at ncdf_in.f:1402:

     +    L_UPD_CLIMICE,L_PERIODIC_CLIMICE,L_COUPLE_CURRENTS,           
       1
Warning: Nonconforming tab character at (1)
./parameter.inc:37.33:
    Included at ./kpp_3d_type.com:2:
    Included at ncdf_in.f:1517:

      PARAMETER(maxmodeadv = 6 )                                        
                                 1
Warning: Nonconforming tab character at (1)
./couple.com:13.7:
    Included at ncdf_in.f:1519:

     +    L_UPD_CLIMICE,L_PERIODIC_CLIMICE,L_COUPLE_CURRENTS,           
       1
Warning: Nonconforming tab character at (1)
./parameter.inc:37.33:
    Included at ./kpp_3d_type.com:2:
    Included at ncdf_in.f:1635:

      PARAMETER(maxmodeadv = 6 )                                        
                                 1
Warning: Nonconforming tab character at (1)
ncdf_in.f:382.17:

      dummy_time=time                                                   
                 1
Warning: Possible change of value in conversion from REAL(8) to REAL(4) at (1)
ncdf_in.f:839.20:

     &     start(2),first_timein,last_timein,time_varid)                
                    1
Warning: Type mismatch in argument 'first_time' at (1); passed REAL(4) to REAL(8)
ncdf_in.f:844.24:

      ndays_upd_fcorr = ndtupdfcorr*dto/spd                             
                        1
Warning: Possible change of value in conversion from REAL(8) to REAL(4) at (1)
ncdf_in.f:845.17:

      fcorr_time=(ndays_upd_fcorr)*                                     
                 1
Warning: Possible change of value in conversion from REAL(8) to REAL(4) at (1)
ncdf_in.f:956.20:

     &     start(2),first_timein,last_timein,time_varid)                
                    1
Warning: Type mismatch in argument 'first_time' at (1); passed REAL(4) to REAL(8)
ncdf_in.f:961.24:

      ndays_upd_fcorr = ndtupdfcorr*dto/spd                             
                        1
Warning: Possible change of value in conversion from REAL(8) to REAL(4) at (1)
ncdf_in.f:964.17:

      fcorr_time=(ndays_upd_fcorr)*                                     
                 1
Warning: Possible change of value in conversion from REAL(8) to REAL(4) at (1)
ncdf_in.f:1137.20:

     &     start(2),first_timein,last_timein,time_varid)                
                    1
Warning: Type mismatch in argument 'first_time' at (1); passed REAL(4) to REAL(8)
ncdf_in.f:1151.19:

      sstclim_time=time+0.5*dto/spd*ndtupdsst                           
                   1
Warning: Possible change of value in conversion from REAL(8) to REAL(4) at (1)
ncdf_in.f:1289.20:

     &     start(2),first_timein,last_timein,time_varid)                
                    1
Warning: Type mismatch in argument 'first_time' at (1); passed REAL(4) to REAL(8)
ncdf_in.f:1305.19:

      iceclim_time=time+0.5*dto/spd*ndtupdice                           
                   1
Warning: Possible change of value in conversion from REAL(8) to REAL(4) at (1)
ncdf_in.f:1445.20:

     &     start(2),first_timein,last_timein,time_varid)                
                    1
Warning: Type mismatch in argument 'first_time' at (1); passed REAL(4) to REAL(8)
ncdf_in.f:1460.20:

      currclim_time=time+0.5*dto/spd*ndtupdsst                          
                    1
Warning: Possible change of value in conversion from REAL(8) to REAL(4) at (1)
ncdf_in.f:1556.20:

     &     start(2),first_timein,last_timein,time_varid)                
                    1
Warning: Type mismatch in argument 'first_time' at (1); passed REAL(4) to REAL(8)
ncdf_in.f:1559.22:

      bottomclim_time=time+0.5*dto/spd*ndtupdbottom                     
                      1
Warning: Possible change of value in conversion from REAL(8) to REAL(4) at (1)
ncdf_in.f:1685.20:

     &     start(2),first_timein,last_timein,time_varid)                
                    1
Warning: Type mismatch in argument 'first_time' at (1); passed REAL(4) to REAL(8)
ncdf_in.f:1690.22:

      ndays_upd_sal = ndtupdsal*dto/spd                                 
                      1
Warning: Possible change of value in conversion from REAL(8) to REAL(4) at (1)
ncdf_in.f:1693.15:

      sal_time=(ndays_upd_sal)*                                         
               1
Warning: Possible change of value in conversion from REAL(8) to REAL(4) at (1)
fcorr_in.com:4.27:
    Included at ncdf_in.f:807:

      REAL fcorr_twod(NPTS)                                             
                           1
Warning: Unused variable 'fcorr_twod' declared at (1)
ncdf_in.f:813.16:

      REAL*4 ixx,jyy,fcorr_twod_in(NX,NY,1),latitudes(NY),              
                1
Warning: Unused variable 'ixx' declared at (1)
ncdf_in.f:813.20:

      REAL*4 ixx,jyy,fcorr_twod_in(NX,NY,1),latitudes(NY),              
                    1
Warning: Unused variable 'jyy' declared at (1)
ncdf_in.f:799.65:

     +     time_varid,lat_dimid,lon_dimid,time_dimid,fcorr_ncid,k,      
                                                                 1
Warning: Unused variable 'k' declared at (1)
ncdf_in.f:799.31:

     +     time_varid,lat_dimid,lon_dimid,time_dimid,fcorr_ncid,k,      
                               1
Warning: Unused variable 'lat_dimid' declared at (1)
ncdf_in.f:798.55:

      INTEGER ix,iy,ipoint,fcorr_varid,status,lat_varid,lon_varid,      
                                                       1
Warning: Unused variable 'lat_varid' declared at (1)
ncdf_in.f:813.57:

      REAL*4 ixx,jyy,fcorr_twod_in(NX,NY,1),latitudes(NY),              
                                                         1
Warning: Unused variable 'latitudes' declared at (1)
ncdf_in.f:799.41:

     +     time_varid,lat_dimid,lon_dimid,time_dimid,fcorr_ncid,k,      
                                         1
Warning: Unused variable 'lon_dimid' declared at (1)
ncdf_in.f:798.65:

      INTEGER ix,iy,ipoint,fcorr_varid,status,lat_varid,lon_varid,      
                                                                 1
Warning: Unused variable 'lon_varid' declared at (1)
ncdf_in.f:814.25:

     +     longitudes(NX),z(NZP1),first_timein,time_in,fcorr_time,      
                         1
Warning: Unused variable 'longitudes' declared at (1)
ncdf_in.f:800.20:

     +     nlat_file,nlon_file,ntime_file                               
                    1
Warning: Unused variable 'nlat_file' declared at (1)
ncdf_in.f:800.30:

     +     nlat_file,nlon_file,ntime_file                               
                              1
Warning: Unused variable 'nlon_file' declared at (1)
ncdf_in.f:800.41:

     +     nlat_file,nlon_file,ntime_file                               
                                         1
Warning: Unused variable 'ntime_file' declared at (1)
ncdf_in.f:799.52:

     +     time_varid,lat_dimid,lon_dimid,time_dimid,fcorr_ncid,k,      
                                                    1
Warning: Unused variable 'time_dimid' declared at (1)
ncdf_in.f:817.32:

      CHARACTER(LEN=30) tmp_name                                        
                                1
Warning: Unused variable 'tmp_name' declared at (1)
ncdf_in.f:814.33:

     +     longitudes(NX),z(NZP1),first_timein,time_in,fcorr_time,      
                                 1
Warning: Unused variable 'z' declared at (1)
fcorr_in.com:4.27:
    Included at ncdf_in.f:910:

      REAL fcorr_twod(NPTS)                                             
                           1
Warning: Unused variable 'fcorr_twod' declared at (1)
ncdf_in.f:916.16:

      REAL*4 ixx,jyy,fcorr_in(NX,NY,NZP1,1),latitudes(NY_GLOBE),        
                1
Warning: Unused variable 'ixx' declared at (1)
ncdf_in.f:901.22:

      INTEGER ix,iy,iz,ipoint,fcorr_varid,status,lat_varid,lon_varid,   
                      1
Warning: Unused variable 'iz' declared at (1)
ncdf_in.f:916.20:

      REAL*4 ixx,jyy,fcorr_in(NX,NY,NZP1,1),latitudes(NY_GLOBE),        
                    1
Warning: Unused variable 'jyy' declared at (1)
ncdf_in.f:902.60:

     +     z_varid,z_dimid,time_varid,fcorr_ncid,k,lat_dimid,lon_dimid, 
                                                            1
Warning: Unused variable 'lat_dimid' declared at (1)
ncdf_in.f:901.58:

      INTEGER ix,iy,iz,ipoint,fcorr_varid,status,lat_varid,lon_varid,   
                                                          1
Warning: Unused variable 'lat_varid' declared at (1)
ncdf_in.f:916.63:

      REAL*4 ixx,jyy,fcorr_in(NX,NY,NZP1,1),latitudes(NY_GLOBE),        
                                                               1
Warning: Unused variable 'latitudes' declared at (1)
ncdf_in.f:902.70:

     +     z_varid,z_dimid,time_varid,fcorr_ncid,k,lat_dimid,lon_dimid, 
                                                                      1
Warning: Unused variable 'lon_dimid' declared at (1)
ncdf_in.f:901.68:

      INTEGER ix,iy,iz,ipoint,fcorr_varid,status,lat_varid,lon_varid,   
                                                                    1
Warning: Unused variable 'lon_varid' declared at (1)
ncdf_in.f:917.31:

     +     longitudes(NX_GLOBE),z(NZP1),first_timein,time_in,           
                               1
Warning: Unused variable 'longitudes' declared at (1)
ncdf_in.f:903.41:

     +     time_dimid,nlon_file,nlat_file,ntime_file,nz_file            
                                         1
Warning: Unused variable 'nlat_file' declared at (1)
ncdf_in.f:903.31:

     +     time_dimid,nlon_file,nlat_file,ntime_file,nz_file            
                               1
Warning: Unused variable 'nlon_file' declared at (1)
ncdf_in.f:903.52:

     +     time_dimid,nlon_file,nlat_file,ntime_file,nz_file            
                                                    1
Warning: Unused variable 'ntime_file' declared at (1)
ncdf_in.f:903.21:

     +     time_dimid,nlon_file,nlat_file,ntime_file,nz_file            
                     1
Warning: Unused variable 'time_dimid' declared at (1)
sstclim.com:1.23:
    Included at ncdf_in.f:1090:

      LOGICAL L_UPDCLIM, L_CLIMSST, L_UPD_CLIMSST, L_PERIODIC_CLIMSST   
                       1
Warning: Unused variable 'l_updclim' declared at (1)
ncdf_in.f:1110.30:

     &     lon_dimid,lat_dimid,time_dimid                               
                              1
Warning: Unused variable 'lat_dimid' declared at (1)
ncdf_in.f:1109.41:

      INTEGER varid, time_varid,lat_varid,lon_varid,                    
                                         1
Warning: Unused variable 'lat_varid' declared at (1)
ncdf_in.f:1108.30:

     &     latitudes(NY_GLOBE)                                          
                              1
Warning: Unused variable 'latitudes' declared at (1)
ncdf_in.f:1110.20:

     &     lon_dimid,lat_dimid,time_dimid                               
                    1
Warning: Unused variable 'lon_dimid' declared at (1)
ncdf_in.f:1109.51:

      INTEGER varid, time_varid,lat_varid,lon_varid,                    
                                                   1
Warning: Unused variable 'lon_varid' declared at (1)
ncdf_in.f:1107.69:

     &     first_timein,last_timein,sstclim_time,longitudes(NX_GLOBE),  
                                                                     1
Warning: Unused variable 'longitudes' declared at (1)
ncdf_in.f:1112.29:

      INTEGER ix,iy,nlat_file,nlon_file,ntime_file                      
                             1
Warning: Unused variable 'nlat_file' declared at (1)
ncdf_in.f:1112.39:

      INTEGER ix,iy,nlat_file,nlon_file,ntime_file                      
                                       1
Warning: Unused variable 'nlon_file' declared at (1)
ncdf_in.f:1112.50:

      INTEGER ix,iy,nlat_file,nlon_file,ntime_file                      
                                                  1
Warning: Unused variable 'ntime_file' declared at (1)
ncdf_in.f:1110.41:

     &     lon_dimid,lat_dimid,time_dimid                               
                                         1
Warning: Unused variable 'time_dimid' declared at (1)
ncdf_in.f:1113.32:

      CHARACTER(LEN=30) tmp_name                                        
                                1
Warning: Unused variable 'tmp_name' declared at (1)
sstclim.com:1.23:
    Included at ncdf_in.f:1243:

      LOGICAL L_UPDCLIM, L_CLIMSST, L_UPD_CLIMSST, L_PERIODIC_CLIMSST   
                       1
Warning: Unused variable 'l_updclim' declared at (1)
ncdf_in.f:1261.41:

     &     time_dimid,lon_dimid,lat_dimid,ntime_file,nlon_file,         
                                         1
Warning: Unused variable 'lat_dimid' declared at (1)
ncdf_in.f:1260.68:

      INTEGER ix,iy,status,ncid,varid,time_varid,lon_varid,lat_varid,   
                                                                    1
Warning: Unused variable 'lat_varid' declared at (1)
ncdf_in.f:1258.50:

     &     last_timein,time_in,latitudes(NY_GLOBE),longitudes(NX_GLOBE) 
                                                  1
Warning: Unused variable 'latitudes' declared at (1)
ncdf_in.f:1261.31:

     &     time_dimid,lon_dimid,lat_dimid,ntime_file,nlon_file,         
                               1
Warning: Unused variable 'lon_dimid' declared at (1)
ncdf_in.f:1260.58:

      INTEGER ix,iy,status,ncid,varid,time_varid,lon_varid,lat_varid,   
                                                          1
Warning: Unused variable 'lon_varid' declared at (1)
ncdf_in.f:1258.71:

     &     last_timein,time_in,latitudes(NY_GLOBE),longitudes(NX_GLOBE) 
                                                                       1
Warning: Unused variable 'longitudes' declared at (1)
ncdf_in.f:1262.20:

     &     nlat_file                                                    
                    1
Warning: Unused variable 'nlat_file' declared at (1)
ncdf_in.f:1261.62:

     &     time_dimid,lon_dimid,lat_dimid,ntime_file,nlon_file,         
                                                              1
Warning: Unused variable 'nlon_file' declared at (1)
ncdf_in.f:1261.52:

     &     time_dimid,lon_dimid,lat_dimid,ntime_file,nlon_file,         
                                                    1
Warning: Unused variable 'ntime_file' declared at (1)
ncdf_in.f:1261.21:

     &     time_dimid,lon_dimid,lat_dimid,ntime_file,nlon_file,         
                     1
Warning: Unused variable 'time_dimid' declared at (1)
ncdf_in.f:1263.32:

      CHARACTER(LEN=30) tmp_name                                        
                                1
Warning: Unused variable 'tmp_name' declared at (1)
./sstclim.com:1.23:
    Included at ncdf_in.f:1406:

      LOGICAL L_UPDCLIM, L_CLIMSST, L_UPD_CLIMSST, L_PERIODIC_CLIMSST   
                       1
Warning: Unused variable 'l_updclim' declared at (1)
ncdf_in.f:1420.38:

     &     time_in,latitudes(NY_GLOBE),longitudes(NX_GLOBE),last_timein 
                                      1
Warning: Unused variable 'latitudes' declared at (1)
ncdf_in.f:1420.59:

     &     time_in,latitudes(NY_GLOBE),longitudes(NX_GLOBE),last_timein 
                                                           1
Warning: Unused variable 'longitudes' declared at (1)
ncdf_in.f:1418.18:

     &     max_ice,min_ice                                              
                  1
Warning: Unused variable 'max_ice' declared at (1)
ncdf_in.f:1418.26:

     &     max_ice,min_ice                                              
                          1
Warning: Unused variable 'min_ice' declared at (1)
ncdf_in.f:1422.70:

      INTEGER ix,iy,status,ncid,varid,time_varid,time_dimid,ntime_file  
                                                                      1
Warning: Unused variable 'ntime_file' declared at (1)
ncdf_in.f:1422.59:

      INTEGER ix,iy,status,ncid,varid,time_varid,time_dimid,ntime_file  
                                                           1
Warning: Unused variable 'time_dimid' declared at (1)
ncdf_in.f:1423.32:

      CHARACTER(LEN=30) tmp_name                                        
                                1
Warning: Unused variable 'tmp_name' declared at (1)
ncdf_in.f:1530.71:

      INTEGER varid,time_varid,lat_varid,lon_varid,time_dimid,lat_dimid,
                                                                       1
Warning: Unused variable 'lat_dimid' declared at (1)
ncdf_in.f:1530.40:

      INTEGER varid,time_varid,lat_varid,lon_varid,time_dimid,lat_dimid,
                                        1
Warning: Unused variable 'lat_varid' declared at (1)
ncdf_in.f:1528.56:

     & first_timein, bottomclim_time,latitudes(NY_GLOBE),               
                                                        1
Warning: Unused variable 'latitudes' declared at (1)
ncdf_in.f:1531.20:

     &     lon_dimid,nlat_file,nlon_file,ntime_file                     
                    1
Warning: Unused variable 'lon_dimid' declared at (1)
ncdf_in.f:1530.50:

      INTEGER varid,time_varid,lat_varid,lon_varid,time_dimid,lat_dimid,
                                                  1
Warning: Unused variable 'lon_varid' declared at (1)
ncdf_in.f:1529.27:

     & longitudes(NX_GLOBE), last_timein                                
                           1
Warning: Unused variable 'longitudes' declared at (1)
ncdf_in.f:1531.30:

     &     lon_dimid,nlat_file,nlon_file,ntime_file                     
                              1
Warning: Unused variable 'nlat_file' declared at (1)
ncdf_in.f:1531.40:

     &     lon_dimid,nlat_file,nlon_file,ntime_file                     
                                        1
Warning: Unused variable 'nlon_file' declared at (1)
ncdf_in.f:1531.51:

     &     lon_dimid,nlat_file,nlon_file,ntime_file                     
                                                   1
Warning: Unused variable 'ntime_file' declared at (1)
ncdf_in.f:1530.61:

      INTEGER varid,time_varid,lat_varid,lon_varid,time_dimid,lat_dimid,
                                                             1
Warning: Unused variable 'time_dimid' declared at (1)
ncdf_in.f:1535.32:

      CHARACTER(LEN=30) tmp_name                                        
                                1
Warning: Unused variable 'tmp_name' declared at (1)
./salinity.com:6.21:
    Included at ncdf_in.f:1637:

      COMMON /sal_in/ L_RELAX_SAL, L_UPD_SAL, ndtupdsal, sal_file,      
                     1
Warning: Padding of 4 bytes required before 'scorr' in COMMON 'sal_in' at (1); reorder elements or use -fno-align-commons
ncdf_in.f:1643.16:

      REAL*4 ixx,jyy,sal_in(NX,NY,NZP1,1),latitudes(NY_GLOBE),          
                1
Warning: Unused variable 'ixx' declared at (1)
ncdf_in.f:1627.22:

      INTEGER ix,iy,iz,ipoint,sal_varid,status,lat_varid,lon_varid,     
                      1
Warning: Unused variable 'iz' declared at (1)
ncdf_in.f:1643.20:

      REAL*4 ixx,jyy,sal_in(NX,NY,NZP1,1),latitudes(NY_GLOBE),          
                    1
Warning: Unused variable 'jyy' declared at (1)
ncdf_in.f:1628.58:

     +     z_varid,z_dimid,time_varid,sal_ncid,k,lat_dimid,lon_dimid,   
                                                          1
Warning: Unused variable 'lat_dimid' declared at (1)
ncdf_in.f:1627.56:

      INTEGER ix,iy,iz,ipoint,sal_varid,status,lat_varid,lon_varid,     
                                                        1
Warning: Unused variable 'lat_varid' declared at (1)
ncdf_in.f:1643.61:

      REAL*4 ixx,jyy,sal_in(NX,NY,NZP1,1),latitudes(NY_GLOBE),          
                                                             1
Warning: Unused variable 'latitudes' declared at (1)
ncdf_in.f:1628.68:

     +     z_varid,z_dimid,time_varid,sal_ncid,k,lat_dimid,lon_dimid,   
                                                                    1
Warning: Unused variable 'lon_dimid' declared at (1)
ncdf_in.f:1627.66:

      INTEGER ix,iy,iz,ipoint,sal_varid,status,lat_varid,lon_varid,     
                                                                  1
Warning: Unused variable 'lon_varid' declared at (1)
ncdf_in.f:1644.31:

     +     longitudes(NX_GLOBE),z(NZP1),first_timein,time_in,           
                               1
Warning: Unused variable 'longitudes' declared at (1)
ncdf_in.f:1629.41:

     +     time_dimid,nlon_file,nlat_file,ntime_file,nz_file            
                                         1
Warning: Unused variable 'nlat_file' declared at (1)
ncdf_in.f:1629.31:

     +     time_dimid,nlon_file,nlat_file,ntime_file,nz_file            
                               1
Warning: Unused variable 'nlon_file' declared at (1)
ncdf_in.f:1629.52:

     +     time_dimid,nlon_file,nlat_file,ntime_file,nz_file            
                                                    1
Warning: Unused variable 'ntime_file' declared at (1)
./salinity.com:3.30:
    Included at ncdf_in.f:1637:

      REAL sal_clim(NPTS,NZP1),scorr(NPTS,NZP1),relax_sal_in(NY),       
                              1
Warning: Unused variable 'sal_clim' declared at (1)
ncdf_in.f:1629.21:

     +     time_dimid,nlon_file,nlat_file,ntime_file,nz_file            
                     1
Warning: Unused variable 'time_dimid' declared at (1)
gfortran -fopenmp -g -cpp -O0 -fdefault-real-8 -ffixed-line-length-72 -I. -fbounds-check -Wall -DOPENMP  -I/usr/include -I/usr/lib/openmpi/include -c ncdf_out.f -o ncdf_out.o
Warning: Nonconforming tab character in column 1 of line 4321
Warning: Nonconforming tab character in column 1 of line 6846
Warning: Nonconforming tab character in column 1 of line 7578
Warning: Nonconforming tab character in column 1 of line 7848
Warning: Nonconforming tab character in column 1 of line 7852
Warning: Nonconforming tab character in column 1 of line 7853
Warning: Nonconforming tab character in column 1 of line 7860
./parameter.inc:37.33:
    Included at ./kpp_3d_type.com:2:
    Included at ncdf_out.f:11:

      PARAMETER(maxmodeadv = 6 )                                        
                                 1
Warning: Nonconforming tab character at (1)
output.com:12.25:
    Included at ncdf_out.f:13:

      PARAMETER (missval=1.e20)                                         
                         1
Warning: Change of value in conversion from  REAL(8) to REAL(4) at (1)
output.com:69.7:
    Included at ncdf_out.f:13:

     &    ndt_per_restart,restart_time                                  
       1
Warning: Nonconforming tab character at (1)
./parameter.inc:37.33:
    Included at ./kpp_3d_type.com:2:
    Included at ncdf_out.f:275:

      PARAMETER(maxmodeadv = 6 )                                        
                                 1
Warning: Nonconforming tab character at (1)
output.com:12.25:
    Included at ncdf_out.f:275:

      PARAMETER (missval=1.e20)                                         
                         1
Warning: Change of value in conversion from  REAL(8) to REAL(4) at (1)
output.com:69.7:
    Included at ncdf_out.f:275:

     &    ndt_per_restart,restart_time                                  
       1
Warning: Nonconforming tab character at (1)
couple.com:13.7:
    Included at ncdf_out.f:287:

     +    L_UPD_CLIMICE,L_PERIODIC_CLIMICE,L_COUPLE_CURRENTS,           
       1
Warning: Nonconforming tab character at (1)
./parameter.inc:37.33:
    Included at ./kpp_3d_type.com:2:
    Included at ncdf_out.f:672:

      PARAMETER(maxmodeadv = 6 )                                        
                                 1
Warning: Nonconforming tab character at (1)
output.com:12.25:
    Included at ncdf_out.f:672:

      PARAMETER (missval=1.e20)                                         
                         1
Warning: Change of value in conversion from  REAL(8) to REAL(4) at (1)
output.com:69.7:
    Included at ncdf_out.f:672:

     &    ndt_per_restart,restart_time                                  
       1
Warning: Nonconforming tab character at (1)
couple.com:13.7:
    Included at ncdf_out.f:683:

     +    L_UPD_CLIMICE,L_PERIODIC_CLIMICE,L_COUPLE_CURRENTS,           
       1
Warning: Nonconforming tab character at (1)
./parameter.inc:37.33:
    Included at ./kpp_3d_type.com:2:
    Included at ncdf_out.f:1008:

      PARAMETER(maxmodeadv = 6 )                                        
                                 1
Warning: Nonconforming tab character at (1)
output.com:12.25:
    Included at ncdf_out.f:1008:

      PARAMETER (missval=1.e20)                                         
                         1
Warning: Change of value in conversion from  REAL(8) to REAL(4) at (1)
output.com:69.7:
    Included at ncdf_out.f:1008:

     &    ndt_per_restart,restart_time                                  
       1
Warning: Nonconforming tab character at (1)
couple.com:13.7:
    Included at ncdf_out.f:1013:

     +    L_UPD_CLIMICE,L_PERIODIC_CLIMICE,L_COUPLE_CURRENTS,           
       1
Warning: Nonconforming tab character at (1)
./parameter.inc:37.33:
    Included at ./kpp_3d_type.com:2:
    Included at ncdf_out.f:1298:

      PARAMETER(maxmodeadv = 6 )                                        
                                 1
Warning: Nonconforming tab character at (1)
output.com:12.25:
    Included at ncdf_out.f:1298:

      PARAMETER (missval=1.e20)                                         
                         1
Warning: Change of value in conversion from  REAL(8) to REAL(4) at (1)
output.com:69.7:
    Included at ncdf_out.f:1298:

     &    ndt_per_restart,restart_time                                  
       1
Warning: Nonconforming tab character at (1)
./parameter.inc:37.33:
    Included at ./kpp_3d_type.com:2:
    Included at ncdf_out.f:1328:

      PARAMETER(maxmodeadv = 6 )                                        
                                 1
Warning: Nonconforming tab character at (1)
output.com:12.25:
    Included at ncdf_out.f:1328:

      PARAMETER (missval=1.e20)                                         
                         1
Warning: Change of value in conversion from  REAL(8) to REAL(4) at (1)
output.com:69.7:
    Included at ncdf_out.f:1328:

     &    ndt_per_restart,restart_time                                  
       1
Warning: Nonconforming tab character at (1)
output.com:12.25:
    Included at ncdf_out.f:1351:

      PARAMETER (missval=1.e20)                                         
                         1
Warning: Change of value in conversion from  REAL(8) to REAL(4) at (1)
output.com:12.25:
    Included at ncdf_out.f:1368:

      PARAMETER (missval=1.e20)                                         
                         1
Warning: Change of value in conversion from  REAL(8) to REAL(4) at (1)
output.com:12.25:
    Included at ncdf_out.f:1384:

      PARAMETER (missval=1.e20)                                         
                         1
Warning: Change of value in conversion from  REAL(8) to REAL(4) at (1)
output.com:12.25:
    Included at ncdf_out.f:1400:

      PARAMETER (missval=1.e20)                                         
                         1
Warning: Change of value in conversion from  REAL(8) to REAL(4) at (1)
./parameter.inc:37.33:
    Included at ./kpp_3d_type.com:2:
    Included at ncdf_out.f:1416:

      PARAMETER(maxmodeadv = 6 )                                        
                                 1
Warning: Nonconforming tab character at (1)
output.com:12.25:
    Included at ncdf_out.f:1417:

      PARAMETER (missval=1.e20)                                         
                         1
Warning: Change of value in conversion from  REAL(8) to REAL(4) at (1)
output.com:69.7:
    Included at ncdf_out.f:1417:

     &    ndt_per_restart,restart_time                                  
       1
Warning: Nonconforming tab character at (1)
ncdf_out.f:65.12:

     &     'Temperature increment from flux correction'/                
            1
Warning: Initialization string starting at (1) was truncated to fit the variable (40/42)
ncdf_out.f:157.18:

         alon(ix)=kpp_3d_fields%dlon(ix)                                
                  1
Warning: Possible change of value in conversion from REAL(8) to REAL(4) at (1)
ncdf_out.f:160.18:

         alat(iy)=kpp_3d_fields%dlat((iy-1)*nx+1)                       
                  1
Warning: Possible change of value in conversion from REAL(8) to REAL(4) at (1)
ncdf_out.f:239.17:

         ZOUT(k)=kpp_const_fields%zm(k)                                 
                 1
Warning: Possible change of value in conversion from REAL(8) to REAL(4) at (1)
ncdf_out.f:245.17:

         ZOUT(k)=kpp_const_fields%hm(k)                                 
                 1
Warning: Possible change of value in conversion from REAL(8) to REAL(4) at (1)
ncdf_out.f:251.17:

         ZOUT(k)=kpp_const_fields%dm(k-1)                               
                 1
Warning: Possible change of value in conversion from REAL(8) to REAL(4) at (1)
ncdf_out.f:315.11:

      TOUT=time                                                         
           1
Warning: Possible change of value in conversion from REAL(8) to REAL(4) at (1)
ncdf_out.f:330.43:

                           VAROUT(ix,iy,k)=kpp_3d_fields%U(ipt,k,1)     
                                           1
Warning: Possible change of value in conversion from REAL(8) to REAL(4) at (1)
ncdf_out.f:341.43:

                           VAROUT(ix,iy,k)=kpp_3d_fields%U(ipt,k,2)     
                                           1
Warning: Possible change of value in conversion from REAL(8) to REAL(4) at (1)
ncdf_out.f:352.43:

                           VAROUT(ix,iy,k)=kpp_3d_fields%X(ipt,k,1)     
                                           1
Warning: Possible change of value in conversion from REAL(8) to REAL(4) at (1)
ncdf_out.f:363.43:

                           VAROUT(ix,iy,k)=kpp_3d_fields%X(ipt,k,2)+    
                                           1
Warning: Possible change of value in conversion from REAL(8) to REAL(4) at (1)
ncdf_out.f:375.43:

                           VAROUT(ix,iy,k)=kpp_3d_fields%buoy(ipt,k)    
                                           1
Warning: Possible change of value in conversion from REAL(8) to REAL(4) at (1)
ncdf_out.f:386.43:

                           VAROUT(ix,iy,k)=kpp_3d_fields%wU(ipt,k-1,1)  
                                           1
Warning: Possible change of value in conversion from REAL(8) to REAL(4) at (1)
ncdf_out.f:397.43:

                           VAROUT(ix,iy,k)=kpp_3d_fields%wU(ipt,k-1,2)  
                                           1
Warning: Possible change of value in conversion from REAL(8) to REAL(4) at (1)
ncdf_out.f:408.43:

                           VAROUT(ix,iy,k)=kpp_3d_fields%wX(ipt,k-1,1)  
                                           1
Warning: Possible change of value in conversion from REAL(8) to REAL(4) at (1)
ncdf_out.f:419.43:

                           VAROUT(ix,iy,k)=kpp_3d_fields%wX(ipt,k-1,2)  
                                           1
Warning: Possible change of value in conversion from REAL(8) to REAL(4) at (1)
ncdf_out.f:431.32:

     +                          kpp_3d_fields%wX(ipt,k-1,NSP1)          
                                1
Warning: Possible change of value in conversion from REAL(8) to REAL(4) at (1)
ncdf_out.f:442.43:

                           VAROUT(ix,iy,k)=kpp_3d_fields%wXNT(ipt,k-1,1)
                                           1
Warning: Possible change of value in conversion from REAL(8) to REAL(4) at (1)
ncdf_out.f:454.43:

                           VAROUT(ix,iy,k)=kpp_3d_fields%difm(ipt,k-1)  
                                           1
Warning: Possible change of value in conversion from REAL(8) to REAL(4) at (1)
ncdf_out.f:466.43:

                           VAROUT(ix,iy,k)=kpp_3d_fields%dift(ipt,k-1)  
                                           1
Warning: Possible change of value in conversion from REAL(8) to REAL(4) at (1)
ncdf_out.f:478.43:

                           VAROUT(ix,iy,k)=kpp_3d_fields%difs(ipt,k-1)  
                                           1
Warning: Possible change of value in conversion from REAL(8) to REAL(4) at (1)
ncdf_out.f:489.43:

                           VAROUT(ix,iy,k)=kpp_3d_fields%rho(ipt,k)     
                                           1
Warning: Possible change of value in conversion from REAL(8) to REAL(4) at (1)
ncdf_out.f:500.43:

                           VAROUT(ix,iy,k)=kpp_3d_fields%cp(ipt,k)      
                                           1
Warning: Possible change of value in conversion from REAL(8) to REAL(4) at (1)
ncdf_out.f:511.43:

                           VAROUT(ix,iy,k)=kpp_3d_fields%scorr(ipt,k)   
                                           1
Warning: Possible change of value in conversion from REAL(8) to REAL(4) at (1)
ncdf_out.f:522.43:

                           VAROUT(ix,iy,k)=kpp_3d_fields%Rig(ipt,k)     
                                           1
Warning: Possible change of value in conversion from REAL(8) to REAL(4) at (1)
ncdf_out.f:533.43:

                           VAROUT(ix,iy,k)=kpp_3d_fields%dbloc(ipt,k)   
                                           1
Warning: Possible change of value in conversion from REAL(8) to REAL(4) at (1)
ncdf_out.f:544.43:

                           VAROUT(ix,iy,k)=kpp_3d_fields%shsq(ipt,k)    
                                           1
Warning: Possible change of value in conversion from REAL(8) to REAL(4) at (1)
ncdf_out.f:556.32:

     +                          kpp_3d_fields%Tinc_fcorr(ipt,k)         
                                1
Warning: Possible change of value in conversion from REAL(8) to REAL(4) at (1)
ncdf_out.f:582.41:

     &                    SINGOUT(ix,iy)=kpp_3d_fields%hmix(ipt)        
                                         1
Warning: Possible change of value in conversion from REAL(8) to REAL(4) at (1)
ncdf_out.f:590.41:

     &                    SINGOUT(ix,iy)=kpp_3d_fields%fcorr(ipt)       
                                         1
Warning: Possible change of value in conversion from REAL(8) to REAL(4) at (1)
ncdf_out.f:598.41:

     &                    SINGOUT(ix,iy)=kpp_3d_fields%sflux(ipt,1,5,0) 
                                         1
Warning: Possible change of value in conversion from REAL(8) to REAL(4) at (1)
ncdf_out.f:606.41:

     &                    SINGOUT(ix,iy)=kpp_3d_fields%sflux(ipt,2,5,0) 
                                         1
Warning: Possible change of value in conversion from REAL(8) to REAL(4) at (1)
ncdf_out.f:614.41:

     &                    SINGOUT(ix,iy)=kpp_3d_fields%sflux(ipt,3,5,0) 
                                         1
Warning: Possible change of value in conversion from REAL(8) to REAL(4) at (1)
ncdf_out.f:622.41:

     &                    SINGOUT(ix,iy)=kpp_3d_fields%sflux(ipt,4,5,0) 
                                         1
Warning: Possible change of value in conversion from REAL(8) to REAL(4) at (1)
ncdf_out.f:630.41:

     &                    SINGOUT(ix,iy)=kpp_3d_fields%sflux(ipt,6,5,0) 
                                         1
Warning: Possible change of value in conversion from REAL(8) to REAL(4) at (1)
ncdf_out.f:638.54:

                     SINGOUT(ix-ifirst+1,iy-jfirst+1)=cplwght(ipt)      
                                                      1
Warning: Possible change of value in conversion from REAL(8) to REAL(4) at (1)
ncdf_out.f:696.11:

      TOUT=time-(ndtout_mean*dtsec/(ndtocn*spd))*0.5                    
           1
Warning: Possible change of value in conversion from REAL(8) to REAL(4) at (1)
ncdf_out.f:721.43:

                           VAROUT(ix,iy,k)=VEC_mean(ipt,k,i)            
                                           1
Warning: Possible change of value in conversion from REAL(8) to REAL(4) at (1)
ncdf_out.f:732.43:

                           VAROUT(ix,iy,k)=VEC_mean(ipt,k,i)            
                                           1
Warning: Possible change of value in conversion from REAL(8) to REAL(4) at (1)
ncdf_out.f:743.43:

                           VAROUT(ix,iy,k)=VEC_mean(ipt,k,i)            
                                           1
Warning: Possible change of value in conversion from REAL(8) to REAL(4) at (1)
ncdf_out.f:754.43:

                           VAROUT(ix,iy,k)=VEC_mean(ipt,k,i)+           
                                           1
Warning: Possible change of value in conversion from REAL(8) to REAL(4) at (1)
ncdf_out.f:766.43:

                           VAROUT(ix,iy,k)=VEC_mean(ipt,k,i)            
                                           1
Warning: Possible change of value in conversion from REAL(8) to REAL(4) at (1)
ncdf_out.f:778.43:

                           VAROUT(ix,iy,k)=VEC_mean(ipt,k,i)            
                                           1
Warning: Possible change of value in conversion from REAL(8) to REAL(4) at (1)
ncdf_out.f:790.43:

                           VAROUT(ix,iy,k)=VEC_mean(ipt,k,i)            
                                           1
Warning: Possible change of value in conversion from REAL(8) to REAL(4) at (1)
ncdf_out.f:802.43:

                           VAROUT(ix,iy,k)=VEC_mean(ipt,k,i)            
                                           1
Warning: Possible change of value in conversion from REAL(8) to REAL(4) at (1)
ncdf_out.f:814.43:

                           VAROUT(ix,iy,k)=VEC_mean(ipt,k,i)            
                                           1
Warning: Possible change of value in conversion from REAL(8) to REAL(4) at (1)
ncdf_out.f:826.43:

                           VAROUT(ix,iy,k)=VEC_mean(ipt,k,i)            
                                           1
Warning: Possible change of value in conversion from REAL(8) to REAL(4) at (1)
ncdf_out.f:838.43:

                           VAROUT(ix,iy,k)=VEC_mean(ipt,k,i)            
                                           1
Warning: Possible change of value in conversion from REAL(8) to REAL(4) at (1)
ncdf_out.f:851.43:

                           VAROUT(ix,iy,k)=VEC_mean(ipt,k,i)            
                                           1
Warning: Possible change of value in conversion from REAL(8) to REAL(4) at (1)
ncdf_out.f:864.43:

                           VAROUT(ix,iy,k)=VEC_mean(ipt,k,i)            
                                           1
Warning: Possible change of value in conversion from REAL(8) to REAL(4) at (1)
ncdf_out.f:877.43:

                           VAROUT(ix,iy,k)=VEC_mean(ipt,k,i)            
                                           1
Warning: Possible change of value in conversion from REAL(8) to REAL(4) at (1)
ncdf_out.f:888.43:

                           VAROUT(ix,iy,k)=VEC_mean(ipt,k,i)            
                                           1
Warning: Possible change of value in conversion from REAL(8) to REAL(4) at (1)
ncdf_out.f:899.43:

                           VAROUT(ix,iy,k)=VEC_mean(ipt,k,i)            
                                           1
Warning: Possible change of value in conversion from REAL(8) to REAL(4) at (1)
ncdf_out.f:910.43:

                           VAROUT(ix,iy,k)=VEC_mean(ipt,k,i)            
                                           1
Warning: Possible change of value in conversion from REAL(8) to REAL(4) at (1)
ncdf_out.f:921.43:

                           VAROUT(ix,iy,k)=VEC_mean(ipt,k,i)            
                                           1
Warning: Possible change of value in conversion from REAL(8) to REAL(4) at (1)
ncdf_out.f:932.43:

                           VAROUT(ix,iy,k)=VEC_mean(ipt,k,i)            
                                           1
Warning: Possible change of value in conversion from REAL(8) to REAL(4) at (1)
ncdf_out.f:943.43:

                           VAROUT(ix,iy,k)=VEC_mean(ipt,k,i)            
                                           1
Warning: Possible change of value in conversion from REAL(8) to REAL(4) at (1)
ncdf_out.f:954.43:

                           VAROUT(ix,iy,k)=VEC_mean(ipt,k,i)            
                                           1
Warning: Possible change of value in conversion from REAL(8) to REAL(4) at (1)
ncdf_out.f:983.38:

     &                 SINGOUT(ix,iy)=SCLR_mean(ipt,i)                  
                                      1
Warning: Possible change of value in conversion from REAL(8) to REAL(4) at (1)
ncdf_out.f:1435.54:

      CALL init_output(mean_output_file,mean_ncid_out,kpp_3d_fields,    
                                                      1
Warning: Type mismatch in argument 'kpp_3d_fields' at (1); passed TYPE(kpp_3d_type) to TYPE(kpp_3d_type)
ncdf_out.f:30.46:

      REAL*4 VAROUT(NX,NY,NZP1),SINGOUT(NX,NY)                          
                                              1
Warning: Unused variable 'singout' declared at (1)
ncdf_out.f:30.31:

      REAL*4 VAROUT(NX,NY,NZP1),SINGOUT(NX,NY)                          
                               1
Warning: Unused variable 'varout' declared at (1)
./salinity.com:6.21:
    Included at ncdf_out.f:286:

      COMMON /sal_in/ L_RELAX_SAL, L_UPD_SAL, ndtupdsal, sal_file,      
                     1
Warning: Padding of 4 bytes required before 'scorr' in COMMON 'sal_in' at (1); reorder elements or use -fno-align-commons
kprof_in.com:3.19:
    Included at ncdf_out.f:280:

      REAL ustar,B0,B0sol                                               
                   1
Warning: Unused variable 'b0' declared at (1)
kprof_in.com:3.25:
    Included at ncdf_out.f:280:

      REAL ustar,B0,B0sol                                               
                         1
Warning: Unused variable 'b0sol' declared at (1)
output.com:59.42:
    Included at ncdf_out.f:275:

      INTEGER lon_id,lat_id,z_id,h_id,d_id,time_id                      
                                          1
Warning: Unused variable 'd_id' declared at (1)
./fcorr_in.com:4.27:
    Included at ncdf_out.f:289:

      REAL fcorr_twod(NPTS)                                             
                           1
Warning: Unused variable 'fcorr_twod' declared at (1)
output.com:59.37:
    Included at ncdf_out.f:275:

      INTEGER lon_id,lat_id,z_id,h_id,d_id,time_id                      
                                     1
Warning: Unused variable 'h_id' declared at (1)
output.com:59.27:
    Included at ncdf_out.f:275:

      INTEGER lon_id,lat_id,z_id,h_id,d_id,time_id                      
                           1
Warning: Unused variable 'lat_id' declared at (1)
output.com:59.20:
    Included at ncdf_out.f:275:

      INTEGER lon_id,lat_id,z_id,h_id,d_id,time_id                      
                    1
Warning: Unused variable 'lon_id' declared at (1)
./salinity.com:3.30:
    Included at ncdf_out.f:286:

      REAL sal_clim(NPTS,NZP1),scorr(NPTS,NZP1),relax_sal_in(NY),       
                              1
Warning: Unused variable 'sal_clim' declared at (1)
kprof_in.com:3.16:
    Included at ncdf_out.f:280:

      REAL ustar,B0,B0sol                                               
                1
Warning: Unused variable 'ustar' declared at (1)
output.com:59.32:
    Included at ncdf_out.f:275:

      INTEGER lon_id,lat_id,z_id,h_id,d_id,time_id                      
                                1
Warning: Unused variable 'z_id' declared at (1)
kprof_in.com:3.19:
    Included at ncdf_out.f:678:

      REAL ustar,B0,B0sol                                               
                   1
Warning: Unused variable 'b0' declared at (1)
kprof_in.com:3.25:
    Included at ncdf_out.f:678:

      REAL ustar,B0,B0sol                                               
                         1
Warning: Unused variable 'b0sol' declared at (1)
output.com:59.42:
    Included at ncdf_out.f:672:

      INTEGER lon_id,lat_id,z_id,h_id,d_id,time_id                      
                                          1
Warning: Unused variable 'd_id' declared at (1)
output.com:59.37:
    Included at ncdf_out.f:672:

      INTEGER lon_id,lat_id,z_id,h_id,d_id,time_id                      
                                     1
Warning: Unused variable 'h_id' declared at (1)
output.com:59.27:
    Included at ncdf_out.f:672:

      INTEGER lon_id,lat_id,z_id,h_id,d_id,time_id                      
                           1
Warning: Unused variable 'lat_id' declared at (1)
output.com:59.20:
    Included at ncdf_out.f:672:

      INTEGER lon_id,lat_id,z_id,h_id,d_id,time_id                      
                    1
Warning: Unused variable 'lon_id' declared at (1)
kprof_in.com:3.16:
    Included at ncdf_out.f:678:

      REAL ustar,B0,B0sol                                               
                1
Warning: Unused variable 'ustar' declared at (1)
output.com:59.32:
    Included at ncdf_out.f:672:

      INTEGER lon_id,lat_id,z_id,h_id,d_id,time_id                      
                                1
Warning: Unused variable 'z_id' declared at (1)
./salinity.com:6.21:
    Included at ncdf_out.f:1013:

      COMMON /sal_in/ L_RELAX_SAL, L_UPD_SAL, ndtupdsal, sal_file,      
                     1
Warning: Padding of 4 bytes required before 'scorr' in COMMON 'sal_in' at (1); reorder elements or use -fno-align-commons
kprof_in.com:3.19:
    Included at ncdf_out.f:1015:

      REAL ustar,B0,B0sol                                               
                   1
Warning: Unused variable 'b0' declared at (1)
kprof_in.com:3.25:
    Included at ncdf_out.f:1015:

      REAL ustar,B0,B0sol                                               
                         1
Warning: Unused variable 'b0sol' declared at (1)
output.com:59.42:
    Included at ncdf_out.f:1008:

      INTEGER lon_id,lat_id,z_id,h_id,d_id,time_id                      
                                          1
Warning: Unused variable 'd_id' declared at (1)
./fcorr_in.com:4.27:
    Included at ncdf_out.f:1021:

      REAL fcorr_twod(NPTS)                                             
                           1
Warning: Unused variable 'fcorr_twod' declared at (1)
output.com:59.37:
    Included at ncdf_out.f:1008:

      INTEGER lon_id,lat_id,z_id,h_id,d_id,time_id                      
                                     1
Warning: Unused variable 'h_id' declared at (1)
output.com:59.27:
    Included at ncdf_out.f:1008:

      INTEGER lon_id,lat_id,z_id,h_id,d_id,time_id                      
                           1
Warning: Unused variable 'lat_id' declared at (1)
output.com:59.20:
    Included at ncdf_out.f:1008:

      INTEGER lon_id,lat_id,z_id,h_id,d_id,time_id                      
                    1
Warning: Unused variable 'lon_id' declared at (1)
./salinity.com:3.30:
    Included at ncdf_out.f:1013:

      REAL sal_clim(NPTS,NZP1),scorr(NPTS,NZP1),relax_sal_in(NY),       
                              1
Warning: Unused variable 'sal_clim' declared at (1)
kprof_in.com:3.16:
    Included at ncdf_out.f:1015:

      REAL ustar,B0,B0sol                                               
                1
Warning: Unused variable 'ustar' declared at (1)
output.com:59.32:
    Included at ncdf_out.f:1008:

      INTEGER lon_id,lat_id,z_id,h_id,d_id,time_id                      
                                1
Warning: Unused variable 'z_id' declared at (1)
output.com:59.42:
    Included at ncdf_out.f:1298:

      INTEGER lon_id,lat_id,z_id,h_id,d_id,time_id                      
                                          1
Warning: Unused variable 'd_id' declared at (1)
output.com:59.37:
    Included at ncdf_out.f:1298:

      INTEGER lon_id,lat_id,z_id,h_id,d_id,time_id                      
                                     1
Warning: Unused variable 'h_id' declared at (1)
output.com:59.27:
    Included at ncdf_out.f:1298:

      INTEGER lon_id,lat_id,z_id,h_id,d_id,time_id                      
                           1
Warning: Unused variable 'lat_id' declared at (1)
output.com:59.20:
    Included at ncdf_out.f:1298:

      INTEGER lon_id,lat_id,z_id,h_id,d_id,time_id                      
                    1
Warning: Unused variable 'lon_id' declared at (1)
output.com:59.32:
    Included at ncdf_out.f:1298:

      INTEGER lon_id,lat_id,z_id,h_id,d_id,time_id                      
                                1
Warning: Unused variable 'z_id' declared at (1)
output.com:59.42:
    Included at ncdf_out.f:1328:

      INTEGER lon_id,lat_id,z_id,h_id,d_id,time_id                      
                                          1
Warning: Unused variable 'd_id' declared at (1)
output.com:59.37:
    Included at ncdf_out.f:1328:

      INTEGER lon_id,lat_id,z_id,h_id,d_id,time_id                      
                                     1
Warning: Unused variable 'h_id' declared at (1)
output.com:59.27:
    Included at ncdf_out.f:1328:

      INTEGER lon_id,lat_id,z_id,h_id,d_id,time_id                      
                           1
Warning: Unused variable 'lat_id' declared at (1)
output.com:59.20:
    Included at ncdf_out.f:1328:

      INTEGER lon_id,lat_id,z_id,h_id,d_id,time_id                      
                    1
Warning: Unused variable 'lon_id' declared at (1)
output.com:59.32:
    Included at ncdf_out.f:1328:

      INTEGER lon_id,lat_id,z_id,h_id,d_id,time_id                      
                                1
Warning: Unused variable 'z_id' declared at (1)
output.com:59.42:
    Included at ncdf_out.f:1351:

      INTEGER lon_id,lat_id,z_id,h_id,d_id,time_id                      
                                          1
Warning: Unused variable 'd_id' declared at (1)
output.com:59.37:
    Included at ncdf_out.f:1351:

      INTEGER lon_id,lat_id,z_id,h_id,d_id,time_id                      
                                     1
Warning: Unused variable 'h_id' declared at (1)
output.com:59.27:
    Included at ncdf_out.f:1351:

      INTEGER lon_id,lat_id,z_id,h_id,d_id,time_id                      
                           1
Warning: Unused variable 'lat_id' declared at (1)
output.com:59.20:
    Included at ncdf_out.f:1351:

      INTEGER lon_id,lat_id,z_id,h_id,d_id,time_id                      
                    1
Warning: Unused variable 'lon_id' declared at (1)
output.com:59.32:
    Included at ncdf_out.f:1351:

      INTEGER lon_id,lat_id,z_id,h_id,d_id,time_id                      
                                1
Warning: Unused variable 'z_id' declared at (1)
output.com:59.42:
    Included at ncdf_out.f:1368:

      INTEGER lon_id,lat_id,z_id,h_id,d_id,time_id                      
                                          1
Warning: Unused variable 'd_id' declared at (1)
output.com:59.37:
    Included at ncdf_out.f:1368:

      INTEGER lon_id,lat_id,z_id,h_id,d_id,time_id                      
                                     1
Warning: Unused variable 'h_id' declared at (1)
output.com:59.27:
    Included at ncdf_out.f:1368:

      INTEGER lon_id,lat_id,z_id,h_id,d_id,time_id                      
                           1
Warning: Unused variable 'lat_id' declared at (1)
output.com:59.20:
    Included at ncdf_out.f:1368:

      INTEGER lon_id,lat_id,z_id,h_id,d_id,time_id                      
                    1
Warning: Unused variable 'lon_id' declared at (1)
output.com:59.32:
    Included at ncdf_out.f:1368:

      INTEGER lon_id,lat_id,z_id,h_id,d_id,time_id                      
                                1
Warning: Unused variable 'z_id' declared at (1)
output.com:59.42:
    Included at ncdf_out.f:1384:

      INTEGER lon_id,lat_id,z_id,h_id,d_id,time_id                      
                                          1
Warning: Unused variable 'd_id' declared at (1)
output.com:59.37:
    Included at ncdf_out.f:1384:

      INTEGER lon_id,lat_id,z_id,h_id,d_id,time_id                      
                                     1
Warning: Unused variable 'h_id' declared at (1)
output.com:59.27:
    Included at ncdf_out.f:1384:

      INTEGER lon_id,lat_id,z_id,h_id,d_id,time_id                      
                           1
Warning: Unused variable 'lat_id' declared at (1)
output.com:59.20:
    Included at ncdf_out.f:1384:

      INTEGER lon_id,lat_id,z_id,h_id,d_id,time_id                      
                    1
Warning: Unused variable 'lon_id' declared at (1)
output.com:59.32:
    Included at ncdf_out.f:1384:

      INTEGER lon_id,lat_id,z_id,h_id,d_id,time_id                      
                                1
Warning: Unused variable 'z_id' declared at (1)
output.com:59.42:
    Included at ncdf_out.f:1400:

      INTEGER lon_id,lat_id,z_id,h_id,d_id,time_id                      
                                          1
Warning: Unused variable 'd_id' declared at (1)
output.com:59.37:
    Included at ncdf_out.f:1400:

      INTEGER lon_id,lat_id,z_id,h_id,d_id,time_id                      
                                     1
Warning: Unused variable 'h_id' declared at (1)
output.com:59.27:
    Included at ncdf_out.f:1400:

      INTEGER lon_id,lat_id,z_id,h_id,d_id,time_id                      
                           1
Warning: Unused variable 'lat_id' declared at (1)
output.com:59.20:
    Included at ncdf_out.f:1400:

      INTEGER lon_id,lat_id,z_id,h_id,d_id,time_id                      
                    1
Warning: Unused variable 'lon_id' declared at (1)
output.com:59.32:
    Included at ncdf_out.f:1400:

      INTEGER lon_id,lat_id,z_id,h_id,d_id,time_id                      
                                1
Warning: Unused variable 'z_id' declared at (1)
output.com:59.42:
    Included at ncdf_out.f:1417:

      INTEGER lon_id,lat_id,z_id,h_id,d_id,time_id                      
                                          1
Warning: Unused variable 'd_id' declared at (1)
output.com:59.37:
    Included at ncdf_out.f:1417:

      INTEGER lon_id,lat_id,z_id,h_id,d_id,time_id                      
                                     1
Warning: Unused variable 'h_id' declared at (1)
output.com:59.27:
    Included at ncdf_out.f:1417:

      INTEGER lon_id,lat_id,z_id,h_id,d_id,time_id                      
                           1
Warning: Unused variable 'lat_id' declared at (1)
output.com:59.20:
    Included at ncdf_out.f:1417:

      INTEGER lon_id,lat_id,z_id,h_id,d_id,time_id                      
                    1
Warning: Unused variable 'lon_id' declared at (1)
ncdf_out.f:1418.20:

      INTEGER status                                                    
                    1
Warning: Unused variable 'status' declared at (1)
output.com:59.32:
    Included at ncdf_out.f:1417:

      INTEGER lon_id,lat_id,z_id,h_id,d_id,time_id                      
                                1
Warning: Unused variable 'z_id' declared at (1)
gfortran -fopenmp -g -cpp -O0 -fdefault-real-8 -ffixed-line-length-72 -I. -fbounds-check -Wall -DOPENMP  -I/usr/include -I/usr/lib/openmpi/include -c ocn.f -o ocn.o
Warning: Nonconforming tab character in column 1 of line 2399
./parameter.inc:37.33:
    Included at ./kpp_3d_type.com:2:
    Included at ocn.f:39:

      PARAMETER(maxmodeadv = 6 )                                        
                                 1
Warning: Nonconforming tab character at (1)
ocn.f:477.18:

     +        rhs,kpp_2d_fields,kpp_const_fields)                       
                  1
Warning: Type mismatch in argument 'kpp_2d_fields' at (1); passed TYPE(kpp_2d_type) to TYPE(kpp_2d_type)
ocn.f:568.24:

     +           NZ,rhs,kpp_2d_fields,kpp_const_fields)                 
                        1
Warning: Type mismatch in argument 'kpp_2d_fields' at (1); passed TYPE(kpp_2d_type) to TYPE(kpp_2d_type)
ocn.f:150.21:

         call ocnint(kpp_2d_fields,kpp_const_fields,1,kmixe,Uo,Xo)      
                     1
Warning: Type mismatch in argument 'kpp_2d_fields' at (1); passed TYPE(kpp_2d_type) to TYPE(kpp_2d_type)
ocn.f:175.21:

         call ocnint(kpp_2d_fields,kpp_const_fields,1,kmixn,Uo,Xo)      
                     1
Warning: Type mismatch in argument 'kpp_2d_fields' at (1); passed TYPE(kpp_2d_type) to TYPE(kpp_2d_type)
gfortran -fopenmp -g -cpp -O0 -fdefault-real-8 -ffixed-line-length-72 -I. -fbounds-check -Wall -DOPENMP  -I/usr/include -I/usr/lib/openmpi/include -c 3D_netcdf.f -o 3D_netcdf.o
3D_netcdf.f:45.20:

     &     miss_val=1.e20,fill_val=miss_val)                            
                    1
Warning: Change of value in conversion from  REAL(8) to REAL(4) at (1)
gfortran -fopenmp -g -cpp -O0 -fdefault-real-8 -ffixed-line-length-72 -I. -fbounds-check -Wall -DOPENMP  -I/usr/include -I/usr/lib/openmpi/include -c init.f -o init.o
./parameter.inc:37.33:
    Included at ./kpp_3d_type.com:2:
    Included at init.f:16:

      PARAMETER(maxmodeadv = 6 )                                        
                                 1
Warning: Nonconforming tab character at (1)
./couple.com:13.7:
    Included at init.f:455:

     +    L_UPD_CLIMICE,L_PERIODIC_CLIMICE,L_COUPLE_CURRENTS,           
       1
Warning: Nonconforming tab character at (1)
init.f:107.15:

      INTEGER n,i,ipt                                                   
               1
Warning: Unused variable 'n' declared at (1)
init.f:105.23:

      real var_in(NZP1)                                                 
                       1
Warning: Unused variable 'var_in' declared at (1)
init.f:447.26:

      INTEGER ix,jy,ipoint,cplwght_varid,status                         
                          1
Warning: Unused variable 'ipoint' declared at (1)
gfortran -fopenmp -g -cpp -O0 -fdefault-real-8 -ffixed-line-length-72 -I. -fbounds-check -Wall -DOPENMP  -I/usr/include -I/usr/lib/openmpi/include -c kpp.f -o kpp.o
Warning: Nonconforming tab character in column 1 of line 1503
./parameter.inc:37.33:
    Included at ./kpp_3d_type.com:2:
    Included at kpp.f:24:

      PARAMETER(maxmodeadv = 6 )                                        
                                 1
Warning: Nonconforming tab character at (1)
kpp.f:86.32:

         call ri_iwmix (km,kmp1,kpp_2d_fields,kpp_const_fields)         
                                1
Warning: Type mismatch in argument 'kpp_2d_fields' at (1); passed TYPE(kpp_2d_type) to TYPE(kpp_2d_type)
kpp.f:93.32:

     $        alphaDT, betaDS , kpp_2d_fields)                          
                                1
Warning: Type mismatch in argument 'kpp_2d_fields' at (1); passed TYPE(kpp_2d_type) to TYPE(kpp_2d_type)
kpp.f:316.55:

         call wscale(sigma, caseA, ustar, bfsfc, wm,ws,kpp_const_fields)
                                                       1
Warning: Type mismatch in argument 'kpp_const_fields' at (1); passed TYPE(kpp_const_type) to TYPE(kpp_const_type)
kpp.f:109.43:

     $        Rib  , sigma, wm    , ws   , kpp_2d_fields,               
                                           1
Warning: Type mismatch in argument 'kpp_2d_fields' at (1); passed TYPE(kpp_2d_type) to TYPE(kpp_2d_type)
kpp.f:868.49:

      call wscale(sigma, hbl, ustar, bfsfc,wm,ws,kpp_const_fields)      
                                                 1
Warning: Type mismatch in argument 'kpp_const_fields' at (1); passed TYPE(kpp_const_type) to TYPE(kpp_const_type)
kpp.f:936.52:

         call wscale(sigma, hbl, ustar, bfsfc,wm,ws,kpp_const_fields)   
                                                    1
Warning: Type mismatch in argument 'kpp_const_fields' at (1); passed TYPE(kpp_const_type) to TYPE(kpp_const_type)
kpp.f:964.53:

      call wscale(sigma, hbl, ustar, bfsfc,   wm, ws,kpp_const_fields)  
                                                     1
Warning: Type mismatch in argument 'kpp_const_fields' at (1); passed TYPE(kpp_const_type) to TYPE(kpp_const_type)
kpp.f:117.32:

     $        sigma, wm   , ws, kpp_2d_fields,kpp_const_fields)         
                                1
Warning: Type mismatch in argument 'kpp_2d_fields' at (1); passed TYPE(kpp_2d_type) to TYPE(kpp_2d_type)
kpp.f:124.20:

     $        blmc, kpp_2d_fields,kpp_const_fields)                     
                    1
Warning: Type mismatch in argument 'kpp_2d_fields' at (1); passed TYPE(kpp_2d_type) to TYPE(kpp_2d_type)
kpp.f:434.21:

      INTEGER ni,nj,i,iz,izp1,j,ju,jup1                                 
                     1
Warning: Unused variable 'i' declared at (1)
kpp.f:434.31:

      INTEGER ni,nj,i,iz,izp1,j,ju,jup1                                 
                               1
Warning: Unused variable 'j' declared at (1)
kpp.f:436.15:

     +     usta,wam,was,wbm,wbs,zdiff,zetas,zfrac,zetam                 
               1
Warning: Unused variable 'usta' declared at (1)
kpp.f:472.15:

      real zeta                 ! = stability parameter d/L             
               1
Warning: Unused variable 'zeta' declared at (1)
gfortran -fopenmp -g -cpp -O0 -fdefault-real-8 -ffixed-line-length-72 -I. -fbounds-check -Wall -DOPENMP  -I/usr/include -I/usr/lib/openmpi/include -c vmix.f -o vmix.o
./parameter.inc:37.33:
    Included at ./kpp_3d_type.com:2:
    Included at vmix.f:11:

      PARAMETER(maxmodeadv = 6 )                                        
                                 1
Warning: Nonconforming tab character at (1)
gfortran -fopenmp -g -cpp -O0 -fdefault-real-8 -ffixed-line-length-72 -I. -fbounds-check -Wall -DOPENMP  -I/usr/include -I/usr/lib/openmpi/include -c kpp_timer.f -o kpp_timer.o
gfortran -fopenmp -g -cpp -O0 -fdefault-real-8 -ffixed-line-length-72 -I. -fbounds-check -Wall -DOPENMP  -I/usr/include -I/usr/lib/openmpi/include -c kpp_derived_trans.f -o kpp_derived_trans.o
./parameter.inc:37.33:
    Included at ./kpp_3d_type.com:2:
    Included at kpp_derived_trans.f:10:

      PARAMETER(maxmodeadv = 6 )                                        
                                 1
Warning: Nonconforming tab character at (1)
./salinity.com:6.21:
    Included at kpp_derived_trans.f:317:

      COMMON /sal_in/ L_RELAX_SAL, L_UPD_SAL, ndtupdsal, sal_file,      
                     1
Warning: Padding of 4 bytes required before 'scorr' in COMMON 'sal_in' at (1); reorder elements or use -fno-align-commons
./fcorr_in.com:4.27:
    Included at kpp_derived_trans.f:314:

      REAL fcorr_twod(NPTS)                                             
                           1
Warning: Unused variable 'fcorr_twod' declared at (1)
./salinity.com:3.30:
    Included at kpp_derived_trans.f:317:

      REAL sal_clim(NPTS,NZP1),scorr(NPTS,NZP1),relax_sal_in(NY),       
                              1
Warning: Unused variable 'sal_clim' declared at (1)
gfortran -fopenmp -g -cpp -O0 -fdefault-real-8 -ffixed-line-length-72 -I. -fbounds-check -Wall steves_3D_ocn.o steves_fluxes.o subs1D.o ncdf_in.o ncdf_out.o ocn.o 3D_netcdf.o init.o kpp.o vmix.o kpp_timer.o kpp_derived_trans.o -o KPP_ocean -I/usr/include -L/usr/lib64 -lnetcdf -lnetcdff
